<html>
<head>
<title>TestNG:  Command line test</title>
<link href="../testng.css" rel="stylesheet" type="text/css" />
<link href="../my-testng.css" rel="stylesheet" type="text/css" />

<style type="text/css">
.log { display: none;} 
.stack-trace { display: none;} 
</style>
<script type="text/javascript">
<!--
function flip(e) {
  current = e.style.display;
  if (current == 'block') {
    e.style.display = 'none';
    return 0;
  }
  else {
    e.style.display = 'block';
    return 1;
  }
}

function toggleBox(szDivId, elem, msg1, msg2)
{
  var res = -1;  if (document.getElementById) {
    res = flip(document.getElementById(szDivId));
  }
  else if (document.all) {
    // this is the way old msie versions work
    res = flip(document.all[szDivId]);
  }
  if(elem) {
    if(res == 0) elem.innerHTML = msg1; else elem.innerHTML = msg2;
  }

}

function toggleAllBoxes() {
  if (document.getElementsByTagName) {
    d = document.getElementsByTagName('div');
    for (i = 0; i < d.length; i++) {
      if (d[i].className == 'log') {
        flip(d[i]);
      }
    }
  }
}

// -->
</script>

</head>
<body>
<h2 align='center'>Command line test</h2><table border='1' align="center">
<tr>
<td>Tests passed/Failed/Skipped:</td><td>0/0/15</td>
</tr><tr>
<td>Started on:</td><td>Wed Jul 02 15:43:09 MSK 2014</td>
</tr>
<tr><td>Total time:</td><td>16 seconds (16052 ms)</td>
</tr><tr>
<td>Included groups:</td><td></td>
</tr><tr>
<td>Excluded groups:</td><td></td>
</tr>
</table><p/>
<small><i>(Hover the method name to see the test class name)</i></small><p/>
<table width='100%' border='1' class='invocation-failed'>
<tr><td colspan='4' align='center'><b>FAILED CONFIGURATIONS</b></td></tr>
<tr><td><b>Test method</b></td>
<td width="30%"><b>Exception</b></td>
<td width="10%"><b>Time (seconds)</b></td>
<td><b>Instance</b></td>
</tr>
<tr>
<td title='ru.crystals.test2.SpiritRestrictionsToSAPTest.prepareTest()'><b>prepareTest</b><br>Test class: ru.crystals.test2.SpiritRestrictionsToSAPTest</td>
<td><div><pre>org.openqa.selenium.WebDriverException: unknown error: Error calling method on NPObject.
  (Session info: chrome=35.0.1916.153)
  (Driver info: chromedriver=2.10.267521,platform=Windows NT 6.1 SP1 x86_64) (WARNING: The server did not provide any stacktrace information)
Command duration or timeout: 15 milliseconds
Build info: version: &apos;2.37.1&apos;, revision: &apos;a7c61cbd68657e133ae96672cf995890bad2ee42&apos;, time: &apos;2013-10-21 09:08:07&apos;
System info: host: &apos;CS-PRG-WS171164&apos;, ip: &apos;172.16.2.93&apos;, os.name: &apos;Windows 7&apos;, os.arch: &apos;amd64&apos;, os.version: &apos;6.1&apos;, java.version: &apos;1.7.0_09&apos;
Session ID: 629d4e94bb67a1604ef1cb119ec319d6
Driver info: org.openqa.selenium.remote.RemoteWebDriver
Capabilities [{platform=XP, acceptSslCerts=true, javascriptEnabled=true, browserName=chrome, chrome={userDataDir=C:\Users\agoley\AppData\Local\Temp\scoped_dir432_19754}, rotatable=false, locationContextEnabled=true, version=35.0.1916.153, takesHeapSnapshot=true, cssSelectorsEnabled=true, databaseEnabled=false, handlesAlerts=true, browserConnectionEnabled=false, webStorageEnabled=true, nativeEvents=true, applicationCacheEnabled=false, takesScreenshot=true}]
	at org.openqa.selenium.remote.ErrorHandler.createThrowable(ErrorHandler.java:204)
	at org.openqa.selenium.remote.ErrorHandler.throwIfResponseFailed(ErrorHandler.java:156)
	at org.openqa.selenium.remote.RemoteWebDriver.execute(RemoteWebDriver.java:599)
	at org.openqa.selenium.remote.RemoteWebDriver.executeScript(RemoteWebDriver.java:508)
	at ru.crystals.test2.utils.FlexMediator.ecxecute(FlexMediator.java:71)
	at ru.crystals.test2.utils.FlexMediator.doFlexProperty(FlexMediator.java:26)
	at ru.crystals.test2.sales.preferences.goodstypes.alcohol.AlcoholPage.selectAlcoholTab(AlcoholPage.java:25)
	at ru.crystals.test2.SpiritRestrictionsToSAPTest.prepareTest(SpiritRestrictionsToSAPTest.java:36)
	at $Proxy0.invoke(Unknown Source)
... Removed 37 stack frames</pre></div><a href='#' onClick='toggleBox("stack-trace1341555117", this, "Click to show all stack frames", "Click to hide stack frames")'>Click to show all stack frames</a>
<div class='stack-trace' id='stack-trace1341555117'><pre>org.openqa.selenium.WebDriverException: unknown error: Error calling method on NPObject.
  (Session info: chrome=35.0.1916.153)
  (Driver info: chromedriver=2.10.267521,platform=Windows NT 6.1 SP1 x86_64) (WARNING: The server did not provide any stacktrace information)
Command duration or timeout: 15 milliseconds
Build info: version: &apos;2.37.1&apos;, revision: &apos;a7c61cbd68657e133ae96672cf995890bad2ee42&apos;, time: &apos;2013-10-21 09:08:07&apos;
System info: host: &apos;CS-PRG-WS171164&apos;, ip: &apos;172.16.2.93&apos;, os.name: &apos;Windows 7&apos;, os.arch: &apos;amd64&apos;, os.version: &apos;6.1&apos;, java.version: &apos;1.7.0_09&apos;
Session ID: 629d4e94bb67a1604ef1cb119ec319d6
Driver info: org.openqa.selenium.remote.RemoteWebDriver
Capabilities [{platform=XP, acceptSslCerts=true, javascriptEnabled=true, browserName=chrome, chrome={userDataDir=C:\Users\agoley\AppData\Local\Temp\scoped_dir432_19754}, rotatable=false, locationContextEnabled=true, version=35.0.1916.153, takesHeapSnapshot=true, cssSelectorsEnabled=true, databaseEnabled=false, handlesAlerts=true, browserConnectionEnabled=false, webStorageEnabled=true, nativeEvents=true, applicationCacheEnabled=false, takesScreenshot=true}]
	at sun.reflect.NativeConstructorAccessorImpl.newInstance0(Native Method)
	at sun.reflect.NativeConstructorAccessorImpl.newInstance(NativeConstructorAccessorImpl.java:57)
	at sun.reflect.DelegatingConstructorAccessorImpl.newInstance(DelegatingConstructorAccessorImpl.java:45)
	at java.lang.reflect.Constructor.newInstance(Constructor.java:525)
	at org.openqa.selenium.remote.ErrorHandler.createThrowable(ErrorHandler.java:204)
	at org.openqa.selenium.remote.ErrorHandler.throwIfResponseFailed(ErrorHandler.java:156)
	at org.openqa.selenium.remote.RemoteWebDriver.execute(RemoteWebDriver.java:599)
	at org.openqa.selenium.remote.RemoteWebDriver.executeScript(RemoteWebDriver.java:508)
	at ru.crystals.test2.utils.FlexMediator.ecxecute(FlexMediator.java:71)
	at ru.crystals.test2.utils.FlexMediator.doFlexProperty(FlexMediator.java:26)
	at ru.crystals.test2.sales.preferences.goodstypes.alcohol.AlcoholPage.selectAlcoholTab(AlcoholPage.java:25)
	at ru.crystals.test2.SpiritRestrictionsToSAPTest.prepareTest(SpiritRestrictionsToSAPTest.java:36)
	at sun.reflect.NativeMethodAccessorImpl.invoke0(Native Method)
	at sun.reflect.NativeMethodAccessorImpl.invoke(NativeMethodAccessorImpl.java:57)
	at sun.reflect.DelegatingMethodAccessorImpl.invoke(DelegatingMethodAccessorImpl.java:43)
	at java.lang.reflect.Method.invoke(Method.java:601)
	at org.testng.internal.MethodInvocationHelper.invokeMethod(MethodInvocationHelper.java:84)
	at org.testng.internal.Invoker.invokeConfigurationMethod(Invoker.java:564)
	at org.testng.internal.Invoker.invokeConfigurations(Invoker.java:213)
	at org.testng.internal.Invoker.invokeConfigurations(Invoker.java:138)
	at org.testng.internal.TestMethodWorker.invokeBeforeClassMethods(TestMethodWorker.java:175)
	at org.testng.internal.TestMethodWorker.run(TestMethodWorker.java:107)
	at org.testng.TestRunner.privateRun(TestRunner.java:767)
	at org.testng.TestRunner.run(TestRunner.java:617)
	at org.testng.SuiteRunner.runTest(SuiteRunner.java:334)
	at org.testng.SuiteRunner.runSequentially(SuiteRunner.java:329)
	at org.testng.SuiteRunner.privateRun(SuiteRunner.java:291)
	at org.testng.SuiteRunner.run(SuiteRunner.java:240)
	at org.testng.SuiteRunnerWorker.runSuite(SuiteRunnerWorker.java:52)
	at org.testng.SuiteRunnerWorker.run(SuiteRunnerWorker.java:86)
	at org.testng.TestNG.runSuitesSequentially(TestNG.java:1224)
	at org.testng.TestNG.runSuitesLocally(TestNG.java:1149)
	at org.testng.TestNG.run(TestNG.java:1057)
	at org.apache.maven.surefire.testng.TestNGExecutor.run(TestNGExecutor.java:61)
	at org.apache.maven.surefire.testng.TestNGDirectoryTestSuite.executeMulti(TestNGDirectoryTestSuite.java:163)
	at org.apache.maven.surefire.testng.TestNGDirectoryTestSuite.execute(TestNGDirectoryTestSuite.java:112)
	at org.apache.maven.surefire.testng.TestNGProvider.invoke(TestNGProvider.java:111)
	at sun.reflect.NativeMethodAccessorImpl.invoke0(Native Method)
	at sun.reflect.NativeMethodAccessorImpl.invoke(NativeMethodAccessorImpl.java:57)
	at sun.reflect.DelegatingMethodAccessorImpl.invoke(DelegatingMethodAccessorImpl.java:43)
	at java.lang.reflect.Method.invoke(Method.java:601)
	at org.apache.maven.surefire.booter.ProviderFactory$ClassLoaderProxy.invoke(ProviderFactory.java:103)
	at $Proxy0.invoke(Unknown Source)
	at org.apache.maven.surefire.booter.SurefireStarter.invokeProvider(SurefireStarter.java:145)
	at org.apache.maven.surefire.booter.SurefireStarter.runSuitesInProcess(SurefireStarter.java:87)
	at org.apache.maven.surefire.booter.ForkedBooter.main(ForkedBooter.java:69)
</pre></div></td>
<td>0</td>
<td>ru.crystals.test2.SpiritRestrictionsToSAPTest@45d6cba3</td></tr>
</table><p>
<table width='100%' border='1' class='invocation-skipped'>
<tr><td colspan='4' align='center'><b>SKIPPED CONFIGURATIONS</b></td></tr>
<tr><td><b>Test method</b></td>
<td width="30%"><b>Exception</b></td>
<td width="10%"><b>Time (seconds)</b></td>
<td><b>Instance</b></td>
</tr>
<tr>
<td title='ru.crystals.test2.TableReportTest.setupWebDriver()'><b>setupWebDriver</b><br>Test class: ru.crystals.test2.TableReportTest</td>
<td></td>
<td>0</td>
<td>ru.crystals.test2.TableReportTest@210c05b5</td></tr>
<tr>
<td title='ru.crystals.test2.TableReportTest.navigateToTableReports()'><b>navigateToTableReports</b><br>Test class: ru.crystals.test2.TableReportTest</td>
<td></td>
<td>0</td>
<td>ru.crystals.test2.TableReportTest@210c05b5</td></tr>
<tr>
<td title='ru.crystals.test2.SpiritRestrictionsToSAPTest.printTestName()'><b>printTestName</b><br>Test class: ru.crystals.test2.SpiritRestrictionsToSAPTest</td>
<td></td>
<td>0</td>
<td>ru.crystals.test2.SpiritRestrictionsToSAPTest@45d6cba3</td></tr>
<tr>
<td title='ru.crystals.test2.TableReportTest.printTestName()'><b>printTestName</b><br>Test class: ru.crystals.test2.TableReportTest</td>
<td></td>
<td>0</td>
<td>ru.crystals.test2.TableReportTest@210c05b5</td></tr>
<tr>
<td title='ru.crystals.test2.TableReportTest.printTestName()'><b>printTestName</b><br>Test class: ru.crystals.test2.TableReportTest</td>
<td></td>
<td>0</td>
<td>ru.crystals.test2.TableReportTest@210c05b5</td></tr>
<tr>
<td title='ru.crystals.test2.TableReportTest.printTestName()'><b>printTestName</b><br>Test class: ru.crystals.test2.TableReportTest</td>
<td></td>
<td>0</td>
<td>ru.crystals.test2.TableReportTest@210c05b5</td></tr>
<tr>
<td title='ru.crystals.test2.TableReportTest.printTestName()'><b>printTestName</b><br>Test class: ru.crystals.test2.TableReportTest</td>
<td></td>
<td>0</td>
<td>ru.crystals.test2.TableReportTest@210c05b5</td></tr>
<tr>
<td title='ru.crystals.test2.TableReportTest.printTestName()'><b>printTestName</b><br>Test class: ru.crystals.test2.TableReportTest</td>
<td></td>
<td>0</td>
<td>ru.crystals.test2.TableReportTest@210c05b5</td></tr>
<tr>
<td title='ru.crystals.test2.TableReportTest.printTestName()'><b>printTestName</b><br>Test class: ru.crystals.test2.TableReportTest</td>
<td></td>
<td>0</td>
<td>ru.crystals.test2.TableReportTest@210c05b5</td></tr>
<tr>
<td title='ru.crystals.test2.TableReportTest.printTestName()'><b>printTestName</b><br>Test class: ru.crystals.test2.TableReportTest</td>
<td></td>
<td>0</td>
<td>ru.crystals.test2.TableReportTest@210c05b5</td></tr>
<tr>
<td title='ru.crystals.test2.TableReportTest.printTestName()'><b>printTestName</b><br>Test class: ru.crystals.test2.TableReportTest</td>
<td></td>
<td>0</td>
<td>ru.crystals.test2.TableReportTest@210c05b5</td></tr>
<tr>
<td title='ru.crystals.test2.TableReportTest.printTestName()'><b>printTestName</b><br>Test class: ru.crystals.test2.TableReportTest</td>
<td></td>
<td>0</td>
<td>ru.crystals.test2.TableReportTest@210c05b5</td></tr>
<tr>
<td title='ru.crystals.test2.TableReportTest.printTestName()'><b>printTestName</b><br>Test class: ru.crystals.test2.TableReportTest</td>
<td></td>
<td>0</td>
<td>ru.crystals.test2.TableReportTest@210c05b5</td></tr>
<tr>
<td title='ru.crystals.test2.TableReportTest.printTestName()'><b>printTestName</b><br>Test class: ru.crystals.test2.TableReportTest</td>
<td></td>
<td>0</td>
<td>ru.crystals.test2.TableReportTest@210c05b5</td></tr>
<tr>
<td title='ru.crystals.test2.TableReportTest.printTestName()'><b>printTestName</b><br>Test class: ru.crystals.test2.TableReportTest</td>
<td></td>
<td>0</td>
<td>ru.crystals.test2.TableReportTest@210c05b5</td></tr>
<tr>
<td title='ru.crystals.test2.TableReportTest.printTestName()'><b>printTestName</b><br>Test class: ru.crystals.test2.TableReportTest</td>
<td></td>
<td>0</td>
<td>ru.crystals.test2.TableReportTest@210c05b5</td></tr>
<tr>
<td title='ru.crystals.test2.TableReportTest.printTestName()'><b>printTestName</b><br>Test class: ru.crystals.test2.TableReportTest</td>
<td></td>
<td>0</td>
<td>ru.crystals.test2.TableReportTest@210c05b5</td></tr>
<tr>
<td title='ru.crystals.test2.SpiritRestrictionsToSAPTest.close()'><b>close</b><br>Test class: ru.crystals.test2.SpiritRestrictionsToSAPTest</td>
<td></td>
<td>0</td>
<td>ru.crystals.test2.SpiritRestrictionsToSAPTest@45d6cba3</td></tr>
<tr>
<td title='ru.crystals.test2.TableReportTest.close()'><b>close</b><br>Test class: ru.crystals.test2.TableReportTest</td>
<td></td>
<td>0</td>
<td>ru.crystals.test2.TableReportTest@210c05b5</td></tr>
</table><p>
<table width='100%' border='1' class='invocation-skipped'>
<tr><td colspan='4' align='center'><b>SKIPPED TESTS</b></td></tr>
<tr><td><b>Test method</b></td>
<td width="30%"><b>Exception</b></td>
<td width="10%"><b>Time (seconds)</b></td>
<td><b>Instance</b></td>
</tr>
<tr>
<td title='ru.crystals.test2.SpiritRestrictionsToSAPTest.test()'><b>test</b><br>Test class: ru.crystals.test2.SpiritRestrictionsToSAPTest</td>
<td></td>
<td>0</td>
<td>ru.crystals.test2.SpiritRestrictionsToSAPTest@45d6cba3</td></tr>
<tr>
<td title='ru.crystals.test2.TableReportTest.testAdverstingHTMLReportTableHead()'><b>testAdverstingHTMLReportTableHead</b><br>Test class: ru.crystals.test2.TableReportTest<br>Test method: Проверить названия отчета и название колонок в шапке таблицы отчета по рекламным акциям<br>Parameters: Отчет по товарам в рекламных акциях</td>
<td></td>
<td>0</td>
<td>ru.crystals.test2.TableReportTest@210c05b5</td></tr>
<tr>
<td title='ru.crystals.test2.TableReportTest.testAdverstingHTMLReportTableHead()'><b>testAdverstingHTMLReportTableHead</b><br>Test class: ru.crystals.test2.TableReportTest<br>Test method: Проверить названия отчета и название колонок в шапке таблицы отчета по рекламным акциям<br>Parameters: Тип скидки</td>
<td></td>
<td>0</td>
<td>ru.crystals.test2.TableReportTest@210c05b5</td></tr>
<tr>
<td title='ru.crystals.test2.TableReportTest.testAdverstingHTMLReportTableHead()'><b>testAdverstingHTMLReportTableHead</b><br>Test class: ru.crystals.test2.TableReportTest<br>Test method: Проверить названия отчета и название колонок в шапке таблицы отчета по рекламным акциям<br>Parameters: Код товара</td>
<td></td>
<td>0</td>
<td>ru.crystals.test2.TableReportTest@210c05b5</td></tr>
<tr>
<td title='ru.crystals.test2.TableReportTest.testAdverstingHTMLReportTableHead()'><b>testAdverstingHTMLReportTableHead</b><br>Test class: ru.crystals.test2.TableReportTest<br>Test method: Проверить названия отчета и название колонок в шапке таблицы отчета по рекламным акциям<br>Parameters: Группа продаж</td>
<td></td>
<td>0</td>
<td>ru.crystals.test2.TableReportTest@210c05b5</td></tr>
<tr>
<td title='ru.crystals.test2.TableReportTest.testAdverstingHTMLReportTableHead()'><b>testAdverstingHTMLReportTableHead</b><br>Test class: ru.crystals.test2.TableReportTest<br>Test method: Проверить названия отчета и название колонок в шапке таблицы отчета по рекламным акциям<br>Parameters: Товар в группе</td>
<td></td>
<td>0</td>
<td>ru.crystals.test2.TableReportTest@210c05b5</td></tr>
<tr>
<td title='ru.crystals.test2.TableReportTest.testAdverstingHTMLReportTableHead()'><b>testAdverstingHTMLReportTableHead</b><br>Test class: ru.crystals.test2.TableReportTest<br>Test method: Проверить названия отчета и название колонок в шапке таблицы отчета по рекламным акциям<br>Parameters: Цена</td>
<td></td>
<td>0</td>
<td>ru.crystals.test2.TableReportTest@210c05b5</td></tr>
<tr>
<td title='ru.crystals.test2.TableReportTest.testAdverstingHTMLReportTableHead()'><b>testAdverstingHTMLReportTableHead</b><br>Test class: ru.crystals.test2.TableReportTest<br>Test method: Проверить названия отчета и название колонок в шапке таблицы отчета по рекламным акциям<br>Parameters: Название акции</td>
<td></td>
<td>0</td>
<td>ru.crystals.test2.TableReportTest@210c05b5</td></tr>
<tr>
<td title='ru.crystals.test2.TableReportTest.testAdverstingHTMLReportTableHead()'><b>testAdverstingHTMLReportTableHead</b><br>Test class: ru.crystals.test2.TableReportTest<br>Test method: Проверить названия отчета и название колонок в шапке таблицы отчета по рекламным акциям<br>Parameters: Название товара</td>
<td></td>
<td>0</td>
<td>ru.crystals.test2.TableReportTest@210c05b5</td></tr>
<tr>
<td title='ru.crystals.test2.TableReportTest.testAdverstingHTMLReportTableHead()'><b>testAdverstingHTMLReportTableHead</b><br>Test class: ru.crystals.test2.TableReportTest<br>Test method: Проверить названия отчета и название колонок в шапке таблицы отчета по рекламным акциям<br>Parameters: Начало акции</td>
<td></td>
<td>0</td>
<td>ru.crystals.test2.TableReportTest@210c05b5</td></tr>
<tr>
<td title='ru.crystals.test2.TableReportTest.testAdverstingHTMLReportTableHead()'><b>testAdverstingHTMLReportTableHead</b><br>Test class: ru.crystals.test2.TableReportTest<br>Test method: Проверить названия отчета и название колонок в шапке таблицы отчета по рекламным акциям<br>Parameters: Окончание акции</td>
<td></td>
<td>0</td>
<td>ru.crystals.test2.TableReportTest@210c05b5</td></tr>
<tr>
<td title='ru.crystals.test2.TableReportTest.testAdverstingHTMLReportTableHead()'><b>testAdverstingHTMLReportTableHead</b><br>Test class: ru.crystals.test2.TableReportTest<br>Test method: Проверить названия отчета и название колонок в шапке таблицы отчета по рекламным акциям<br>Parameters: Номер ТК</td>
<td></td>
<td>0</td>
<td>ru.crystals.test2.TableReportTest@210c05b5</td></tr>
<tr>
<td title='ru.crystals.test2.TableReportTest.testEmptyAdverstingHTMLReport()'><b>testEmptyAdverstingHTMLReport</b><br>Test class: ru.crystals.test2.TableReportTest<br>Test method: Проверить, что генерируется пустой отчет, если на товар не заведена рекламная акция</td>
<td></td>
<td>0</td>
<td>ru.crystals.test2.TableReportTest@210c05b5</td></tr>
<tr>
<td title='ru.crystals.test2.TableReportTest.testGoodInReport()'><b>testGoodInReport</b><br>Test class: ru.crystals.test2.TableReportTest<br>Test method: Проверить, наличие товара в отчете, если на него заведена рекламная акция, действующая сегодня</td>
<td></td>
<td>0</td>
<td>ru.crystals.test2.TableReportTest@210c05b5</td></tr>
<tr>
<td title='ru.crystals.test2.TableReportTest.testWithEmptyShop()'><b>testWithEmptyShop</b><br>Test class: ru.crystals.test2.TableReportTest<br>Test method: Если не указаны магазины, отчет генерится для всей сети (все магазины)</td>
<td></td>
<td>0</td>
<td>ru.crystals.test2.TableReportTest@210c05b5</td></tr>
</table><p>
</body>
</html>