<?xml version="1.0" encoding="UTF-8" ?>
<testsuite failures="1" time="18.437" errors="0" skipped="34" tests="35" name="TestSuite">
  <properties>
[...]
</properties>
  <testcase time="0" classname="ru.crystals.test2.SpiritRestrictionsToSAPTest" name="prepareTest">
    <failure message="unknown error: Error calling method on NPObject.
  (Session info: chrome=35.0.1916.153)
  (Driver info: chromedriver=2.10.267521,platform=Windows NT 6.1 SP1 x86_64) (WARNING: The server did not provide any stacktrace information)
Command duration or timeout: 15 milliseconds
Build info: version: &apos;2.37.1&apos;, revision: &apos;a7c61cbd68657e133ae96672cf995890bad2ee42&apos;, time: &apos;2013-10-21 09:08:07&apos;
System info: host: &apos;CS-PRG-WS171164&apos;, ip: &apos;172.16.2.93&apos;, os.name: &apos;Windows 7&apos;, os.arch: &apos;amd64&apos;, os.version: &apos;6.1&apos;, java.version: &apos;1.7.0_09&apos;
Session ID: 629d4e94bb67a1604ef1cb119ec319d6
Driver info: org.openqa.selenium.remote.RemoteWebDriver
Capabilities [{platform=XP, acceptSslCerts=true, javascriptEnabled=true, browserName=chrome, chrome={userDataDir=C:\Users\agoley\AppData\Local\Temp\scoped_dir432_19754}, rotatable=false, locationContextEnabled=true, version=35.0.1916.153, takesHeapSnapshot=true, cssSelectorsEnabled=true, databaseEnabled=false, handlesAlerts=true, browserConnectionEnabled=false, webStorageEnabled=true, nativeEvents=true, applicationCacheEnabled=false, takesScreenshot=true}]" type="org.openqa.selenium.WebDriverException">org.openqa.selenium.WebDriverException: unknown error: Error calling method on NPObject.
  (Session info: chrome=35.0.1916.153)
  (Driver info: chromedriver=2.10.267521,platform=Windows NT 6.1 SP1 x86_64) (WARNING: The server did not provide any stacktrace information)
Command duration or timeout: 15 milliseconds
Build info: version: &apos;2.37.1&apos;, revision: &apos;a7c61cbd68657e133ae96672cf995890bad2ee42&apos;, time: &apos;2013-10-21 09:08:07&apos;
System info: host: &apos;CS-PRG-WS171164&apos;, ip: &apos;172.16.2.93&apos;, os.name: &apos;Windows 7&apos;, os.arch: &apos;amd64&apos;, os.version: &apos;6.1&apos;, java.version: &apos;1.7.0_09&apos;
Session ID: 629d4e94bb67a1604ef1cb119ec319d6
Driver info: org.openqa.selenium.remote.RemoteWebDriver
Capabilities [{platform=XP, acceptSslCerts=true, javascriptEnabled=true, browserName=chrome, chrome={userDataDir=C:\Users\agoley\AppData\Local\Temp\scoped_dir432_19754}, rotatable=false, locationContextEnabled=true, version=35.0.1916.153, takesHeapSnapshot=true, cssSelectorsEnabled=true, databaseEnabled=false, handlesAlerts=true, browserConnectionEnabled=false, webStorageEnabled=true, nativeEvents=true, applicationCacheEnabled=false, takesScreenshot=true}]
	at sun.reflect.NativeConstructorAccessorImpl.newInstance0(Native Method)
	at sun.reflect.NativeConstructorAccessorImpl.newInstance(NativeConstructorAccessorImpl.java:57)
	at sun.reflect.DelegatingConstructorAccessorImpl.newInstance(DelegatingConstructorAccessorImpl.java:45)
	at java.lang.reflect.Constructor.newInstance(Constructor.java:525)
	at org.openqa.selenium.remote.ErrorHandler.createThrowable(ErrorHandler.java:204)
	at org.openqa.selenium.remote.ErrorHandler.throwIfResponseFailed(ErrorHandler.java:156)
	at org.openqa.selenium.remote.RemoteWebDriver.execute(RemoteWebDriver.java:599)
	at org.openqa.selenium.remote.RemoteWebDriver.executeScript(RemoteWebDriver.java:508)
	at ru.crystals.test2.utils.FlexMediator.ecxecute(FlexMediator.java:71)
	at ru.crystals.test2.utils.FlexMediator.doFlexProperty(FlexMediator.java:26)
	at ru.crystals.test2.sales.preferences.goodstypes.alcohol.AlcoholPage.selectAlcoholTab(AlcoholPage.java:25)
	at ru.crystals.test2.SpiritRestrictionsToSAPTest.prepareTest(SpiritRestrictionsToSAPTest.java:36)
</failure>
    <system-out>@HL
@HL-------------------------------------------------------
@HL T E S T S
@HL-------------------------------------------------------
@SLRunning TestSuite
@SLRunning TestSuite
[02/07/14 15:43:09:009 MSK] [main]  INFO utils.SoapRequestSender: TI = 1389144
[02/07/14 15:43:09:009 MSK] [main]  INFO config.Config: Base url:   http://172.16.2.110:8090
[02/07/14 15:43:09:009 MSK] [main]  INFO config.Config: Manager login:   manager
[02/07/14 15:43:09:009 MSK] [main]  INFO config.Config: Manager password:   password
[02/07/14 15:43:09:009 MSK] [main]  INFO config.Config: Centrum host:   172.16.2.110
</system-out>
    <system-err>log4j:WARN Continuable parsing error 26 and column 23
log4j:WARN The content of element type &quot;log4j:configuration&quot; must match &quot;(renderer*,throwableRenderer?,appender*,plugin*,(category|logger)*,root?,(categoryFactory|loggerFactory)?)&quot;.
</system-err>
  </testcase>
  <testcase time="0.007" classname="ru.crystals.test2.SpiritRestrictionsToSAPTest" name="printTestName">
    <skipped/>
  </testcase>
  <testcase time="0" classname="ru.crystals.test2.SpiritRestrictionsToSAPTest" name="test">
    <skipped/>
  </testcase>
  <testcase time="0" classname="ru.crystals.test2.SpiritRestrictionsToSAPTest" name="close">
    <skipped/>
  </testcase>
  <testcase time="0" classname="ru.crystals.test2.TableReportTest" name="setupWebDriver">
    <skipped/>
  </testcase>
  <testcase time="0.001" classname="ru.crystals.test2.TableReportTest" name="navigateToTableReports">
    <skipped/>
  </testcase>
  <testcase time="0.005" classname="ru.crystals.test2.TableReportTest" name="printTestName">
    <skipped/>
  </testcase>
  <testcase time="0" classname="ru.crystals.test2.TableReportTest" name="testAdverstingHTMLReportTableHead">
    <skipped/>
  </testcase>
  <testcase time="0" classname="ru.crystals.test2.TableReportTest" name="printTestName">
    <skipped/>
  </testcase>
  <testcase time="0" classname="ru.crystals.test2.TableReportTest" name="testAdverstingHTMLReportTableHead">
    <skipped/>
  </testcase>
  <testcase time="0.001" classname="ru.crystals.test2.TableReportTest" name="printTestName">
    <skipped/>
  </testcase>
  <testcase time="0" classname="ru.crystals.test2.TableReportTest" name="testAdverstingHTMLReportTableHead">
    <skipped/>
  </testcase>
  <testcase time="0" classname="ru.crystals.test2.TableReportTest" name="printTestName">
    <skipped/>
  </testcase>
  <testcase time="0" classname="ru.crystals.test2.TableReportTest" name="testAdverstingHTMLReportTableHead">
    <skipped/>
  </testcase>
  <testcase time="0.001" classname="ru.crystals.test2.TableReportTest" name="printTestName">
    <skipped/>
  </testcase>
  <testcase time="0" classname="ru.crystals.test2.TableReportTest" name="testAdverstingHTMLReportTableHead">
    <skipped/>
  </testcase>
  <testcase time="0" classname="ru.crystals.test2.TableReportTest" name="printTestName">
    <skipped/>
  </testcase>
  <testcase time="0" classname="ru.crystals.test2.TableReportTest" name="testAdverstingHTMLReportTableHead">
    <skipped/>
  </testcase>
  <testcase time="0.001" classname="ru.crystals.test2.TableReportTest" name="printTestName">
    <skipped/>
  </testcase>
  <testcase time="0" classname="ru.crystals.test2.TableReportTest" name="testAdverstingHTMLReportTableHead">
    <skipped/>
  </testcase>
  <testcase time="0" classname="ru.crystals.test2.TableReportTest" name="printTestName">
    <skipped/>
  </testcase>
  <testcase time="0" classname="ru.crystals.test2.TableReportTest" name="testAdverstingHTMLReportTableHead">
    <skipped/>
  </testcase>
  <testcase time="0.001" classname="ru.crystals.test2.TableReportTest" name="printTestName">
    <skipped/>
  </testcase>
  <testcase time="0" classname="ru.crystals.test2.TableReportTest" name="testAdverstingHTMLReportTableHead">
    <skipped/>
  </testcase>
  <testcase time="0" classname="ru.crystals.test2.TableReportTest" name="printTestName">
    <skipped/>
  </testcase>
  <testcase time="0" classname="ru.crystals.test2.TableReportTest" name="testAdverstingHTMLReportTableHead">
    <skipped/>
  </testcase>
  <testcase time="0.001" classname="ru.crystals.test2.TableReportTest" name="printTestName">
    <skipped/>
  </testcase>
  <testcase time="0" classname="ru.crystals.test2.TableReportTest" name="testAdverstingHTMLReportTableHead">
    <skipped/>
  </testcase>
  <testcase time="0.001" classname="ru.crystals.test2.TableReportTest" name="printTestName">
    <skipped/>
  </testcase>
  <testcase time="0" classname="ru.crystals.test2.TableReportTest" name="testEmptyAdverstingHTMLReport">
    <skipped/>
  </testcase>
  <testcase time="0.002" classname="ru.crystals.test2.TableReportTest" name="printTestName">
    <skipped/>
  </testcase>
  <testcase time="0" classname="ru.crystals.test2.TableReportTest" name="testGoodInReport">
    <skipped/>
  </testcase>
  <testcase time="0.001" classname="ru.crystals.test2.TableReportTest" name="printTestName">
    <skipped/>
  </testcase>
  <testcase time="0" classname="ru.crystals.test2.TableReportTest" name="testWithEmptyShop">
    <skipped/>
  </testcase>
  <testcase time="0" classname="ru.crystals.test2.TableReportTest" name="close">
    <skipped/>
  </testcase>
</testsuite>