<?xml version="1.0" encoding="UTF-8"?>
<testng-results skipped="15" failed="0" total="15" passed="0">
  <reporter-output>
  </reporter-output>
  <suite name="Command line suite" duration-ms="16052" started-at="2014-07-02T11:43:09Z" finished-at="2014-07-02T11:43:25Z">
    <groups>
    </groups>
    <test name="Command line test" duration-ms="16052" started-at="2014-07-02T11:43:09Z" finished-at="2014-07-02T11:43:25Z">
      <class name="ru.crystals.test2.TableReportTest">
        <test-method status="SKIP" signature="setupWebDriver()[pri:0, instance:ru.crystals.test2.TableReportTest@210c05b5]" name="setupWebDriver" is-config="true" duration-ms="0" started-at="2014-07-02T15:43:25Z" finished-at="2014-07-02T15:43:25Z">
          <reporter-output>
          </reporter-output>
        </test-method> <!-- setupWebDriver -->
        <test-method status="SKIP" signature="navigateToTableReports()[pri:0, instance:ru.crystals.test2.TableReportTest@210c05b5]" name="navigateToTableReports" is-config="true" duration-ms="0" started-at="2014-07-02T15:43:25Z" finished-at="2014-07-02T15:43:25Z">
          <reporter-output>
          </reporter-output>
        </test-method> <!-- navigateToTableReports -->
        <test-method status="SKIP" signature="printTestName(java.lang.reflect.Method)[pri:0, instance:ru.crystals.test2.TableReportTest@210c05b5]" name="printTestName" is-config="true" duration-ms="0" started-at="2014-07-02T15:43:25Z" finished-at="2014-07-02T15:43:25Z">
          <reporter-output>
          </reporter-output>
        </test-method> <!-- printTestName -->
        <test-method status="SKIP" signature="testAdverstingHTMLReportTableHead(java.lang.String)[pri:0, instance:ru.crystals.test2.TableReportTest@210c05b5]" name="testAdverstingHTMLReportTableHead" duration-ms="0" started-at="2014-07-02T15:43:25Z" description="Проверить названия отчета и название колонок в шапке таблицы отчета по рекламным акциям" data-provider="Шапка отчета Рекламные акции" finished-at="2014-07-02T15:43:25Z">
          <params>
            <param index="0">
              <value>
                <![CDATA[Тип скидки]]>
              </value>
            </param>
          </params>
          <reporter-output>
          </reporter-output>
        </test-method> <!-- testAdverstingHTMLReportTableHead -->
        <test-method status="SKIP" signature="printTestName(java.lang.reflect.Method)[pri:0, instance:ru.crystals.test2.TableReportTest@210c05b5]" name="printTestName" is-config="true" duration-ms="0" started-at="2014-07-02T15:43:25Z" finished-at="2014-07-02T15:43:25Z">
          <reporter-output>
          </reporter-output>
        </test-method> <!-- printTestName -->
        <test-method status="SKIP" signature="testAdverstingHTMLReportTableHead(java.lang.String)[pri:0, instance:ru.crystals.test2.TableReportTest@210c05b5]" name="testAdverstingHTMLReportTableHead" duration-ms="0" started-at="2014-07-02T15:43:25Z" description="Проверить названия отчета и название колонок в шапке таблицы отчета по рекламным акциям" data-provider="Шапка отчета Рекламные акции" finished-at="2014-07-02T15:43:25Z">
          <params>
            <param index="0">
              <value>
                <![CDATA[Отчет по товарам в рекламных акциях]]>
              </value>
            </param>
          </params>
          <reporter-output>
          </reporter-output>
        </test-method> <!-- testAdverstingHTMLReportTableHead -->
        <test-method status="SKIP" signature="printTestName(java.lang.reflect.Method)[pri:0, instance:ru.crystals.test2.TableReportTest@210c05b5]" name="printTestName" is-config="true" duration-ms="0" started-at="2014-07-02T15:43:25Z" finished-at="2014-07-02T15:43:25Z">
          <reporter-output>
          </reporter-output>
        </test-method> <!-- printTestName -->
        <test-method status="SKIP" signature="printTestName(java.lang.reflect.Method)[pri:0, instance:ru.crystals.test2.TableReportTest@210c05b5]" name="printTestName" is-config="true" duration-ms="0" started-at="2014-07-02T15:43:25Z" finished-at="2014-07-02T15:43:25Z">
          <reporter-output>
          </reporter-output>
        </test-method> <!-- printTestName -->
        <test-method status="SKIP" signature="testAdverstingHTMLReportTableHead(java.lang.String)[pri:0, instance:ru.crystals.test2.TableReportTest@210c05b5]" name="testAdverstingHTMLReportTableHead" duration-ms="0" started-at="2014-07-02T15:43:25Z" description="Проверить названия отчета и название колонок в шапке таблицы отчета по рекламным акциям" data-provider="Шапка отчета Рекламные акции" finished-at="2014-07-02T15:43:25Z">
          <params>
            <param index="0">
              <value>
                <![CDATA[Код товара]]>
              </value>
            </param>
          </params>
          <reporter-output>
          </reporter-output>
        </test-method> <!-- testAdverstingHTMLReportTableHead -->
        <test-method status="SKIP" signature="testAdverstingHTMLReportTableHead(java.lang.String)[pri:0, instance:ru.crystals.test2.TableReportTest@210c05b5]" name="testAdverstingHTMLReportTableHead" duration-ms="0" started-at="2014-07-02T15:43:25Z" description="Проверить названия отчета и название колонок в шапке таблицы отчета по рекламным акциям" data-provider="Шапка отчета Рекламные акции" finished-at="2014-07-02T15:43:25Z">
          <params>
            <param index="0">
              <value>
                <![CDATA[Группа продаж]]>
              </value>
            </param>
          </params>
          <reporter-output>
          </reporter-output>
        </test-method> <!-- testAdverstingHTMLReportTableHead -->
        <test-method status="SKIP" signature="printTestName(java.lang.reflect.Method)[pri:0, instance:ru.crystals.test2.TableReportTest@210c05b5]" name="printTestName" is-config="true" duration-ms="0" started-at="2014-07-02T15:43:25Z" finished-at="2014-07-02T15:43:25Z">
          <reporter-output>
          </reporter-output>
        </test-method> <!-- printTestName -->
        <test-method status="SKIP" signature="printTestName(java.lang.reflect.Method)[pri:0, instance:ru.crystals.test2.TableReportTest@210c05b5]" name="printTestName" is-config="true" duration-ms="0" started-at="2014-07-02T15:43:25Z" finished-at="2014-07-02T15:43:25Z">
          <reporter-output>
          </reporter-output>
        </test-method> <!-- printTestName -->
        <test-method status="SKIP" signature="testAdverstingHTMLReportTableHead(java.lang.String)[pri:0, instance:ru.crystals.test2.TableReportTest@210c05b5]" name="testAdverstingHTMLReportTableHead" duration-ms="0" started-at="2014-07-02T15:43:25Z" description="Проверить названия отчета и название колонок в шапке таблицы отчета по рекламным акциям" data-provider="Шапка отчета Рекламные акции" finished-at="2014-07-02T15:43:25Z">
          <params>
            <param index="0">
              <value>
                <![CDATA[Товар в группе]]>
              </value>
            </param>
          </params>
          <reporter-output>
          </reporter-output>
        </test-method> <!-- testAdverstingHTMLReportTableHead -->
        <test-method status="SKIP" signature="testAdverstingHTMLReportTableHead(java.lang.String)[pri:0, instance:ru.crystals.test2.TableReportTest@210c05b5]" name="testAdverstingHTMLReportTableHead" duration-ms="0" started-at="2014-07-02T15:43:25Z" description="Проверить названия отчета и название колонок в шапке таблицы отчета по рекламным акциям" data-provider="Шапка отчета Рекламные акции" finished-at="2014-07-02T15:43:25Z">
          <params>
            <param index="0">
              <value>
                <![CDATA[Цена]]>
              </value>
            </param>
          </params>
          <reporter-output>
          </reporter-output>
        </test-method> <!-- testAdverstingHTMLReportTableHead -->
        <test-method status="SKIP" signature="testAdverstingHTMLReportTableHead(java.lang.String)[pri:0, instance:ru.crystals.test2.TableReportTest@210c05b5]" name="testAdverstingHTMLReportTableHead" duration-ms="0" started-at="2014-07-02T15:43:25Z" description="Проверить названия отчета и название колонок в шапке таблицы отчета по рекламным акциям" data-provider="Шапка отчета Рекламные акции" finished-at="2014-07-02T15:43:25Z">
          <params>
            <param index="0">
              <value>
                <![CDATA[Название товара]]>
              </value>
            </param>
          </params>
          <reporter-output>
          </reporter-output>
        </test-method> <!-- testAdverstingHTMLReportTableHead -->
        <test-method status="SKIP" signature="printTestName(java.lang.reflect.Method)[pri:0, instance:ru.crystals.test2.TableReportTest@210c05b5]" name="printTestName" is-config="true" duration-ms="0" started-at="2014-07-02T15:43:25Z" finished-at="2014-07-02T15:43:25Z">
          <reporter-output>
          </reporter-output>
        </test-method> <!-- printTestName -->
        <test-method status="SKIP" signature="testAdverstingHTMLReportTableHead(java.lang.String)[pri:0, instance:ru.crystals.test2.TableReportTest@210c05b5]" name="testAdverstingHTMLReportTableHead" duration-ms="0" started-at="2014-07-02T15:43:25Z" description="Проверить названия отчета и название колонок в шапке таблицы отчета по рекламным акциям" data-provider="Шапка отчета Рекламные акции" finished-at="2014-07-02T15:43:25Z">
          <params>
            <param index="0">
              <value>
                <![CDATA[Название акции]]>
              </value>
            </param>
          </params>
          <reporter-output>
          </reporter-output>
        </test-method> <!-- testAdverstingHTMLReportTableHead -->
        <test-method status="SKIP" signature="printTestName(java.lang.reflect.Method)[pri:0, instance:ru.crystals.test2.TableReportTest@210c05b5]" name="printTestName" is-config="true" duration-ms="0" started-at="2014-07-02T15:43:25Z" finished-at="2014-07-02T15:43:25Z">
          <reporter-output>
          </reporter-output>
        </test-method> <!-- printTestName -->
        <test-method status="SKIP" signature="testAdverstingHTMLReportTableHead(java.lang.String)[pri:0, instance:ru.crystals.test2.TableReportTest@210c05b5]" name="testAdverstingHTMLReportTableHead" duration-ms="0" started-at="2014-07-02T15:43:25Z" description="Проверить названия отчета и название колонок в шапке таблицы отчета по рекламным акциям" data-provider="Шапка отчета Рекламные акции" finished-at="2014-07-02T15:43:25Z">
          <params>
            <param index="0">
              <value>
                <![CDATA[Окончание акции]]>
              </value>
            </param>
          </params>
          <reporter-output>
          </reporter-output>
        </test-method> <!-- testAdverstingHTMLReportTableHead -->
        <test-method status="SKIP" signature="printTestName(java.lang.reflect.Method)[pri:0, instance:ru.crystals.test2.TableReportTest@210c05b5]" name="printTestName" is-config="true" duration-ms="0" started-at="2014-07-02T15:43:25Z" finished-at="2014-07-02T15:43:25Z">
          <reporter-output>
          </reporter-output>
        </test-method> <!-- printTestName -->
        <test-method status="SKIP" signature="printTestName(java.lang.reflect.Method)[pri:0, instance:ru.crystals.test2.TableReportTest@210c05b5]" name="printTestName" is-config="true" duration-ms="0" started-at="2014-07-02T15:43:25Z" finished-at="2014-07-02T15:43:25Z">
          <reporter-output>
          </reporter-output>
        </test-method> <!-- printTestName -->
        <test-method status="SKIP" signature="testAdverstingHTMLReportTableHead(java.lang.String)[pri:0, instance:ru.crystals.test2.TableReportTest@210c05b5]" name="testAdverstingHTMLReportTableHead" duration-ms="0" started-at="2014-07-02T15:43:25Z" description="Проверить названия отчета и название колонок в шапке таблицы отчета по рекламным акциям" data-provider="Шапка отчета Рекламные акции" finished-at="2014-07-02T15:43:25Z">
          <params>
            <param index="0">
              <value>
                <![CDATA[Начало акции]]>
              </value>
            </param>
          </params>
          <reporter-output>
          </reporter-output>
        </test-method> <!-- testAdverstingHTMLReportTableHead -->
        <test-method status="SKIP" signature="printTestName(java.lang.reflect.Method)[pri:0, instance:ru.crystals.test2.TableReportTest@210c05b5]" name="printTestName" is-config="true" duration-ms="0" started-at="2014-07-02T15:43:25Z" finished-at="2014-07-02T15:43:25Z">
          <reporter-output>
          </reporter-output>
        </test-method> <!-- printTestName -->
        <test-method status="SKIP" signature="testAdverstingHTMLReportTableHead(java.lang.String)[pri:0, instance:ru.crystals.test2.TableReportTest@210c05b5]" name="testAdverstingHTMLReportTableHead" duration-ms="0" started-at="2014-07-02T15:43:25Z" description="Проверить названия отчета и название колонок в шапке таблицы отчета по рекламным акциям" data-provider="Шапка отчета Рекламные акции" finished-at="2014-07-02T15:43:25Z">
          <params>
            <param index="0">
              <value>
                <![CDATA[Номер ТК]]>
              </value>
            </param>
          </params>
          <reporter-output>
          </reporter-output>
        </test-method> <!-- testAdverstingHTMLReportTableHead -->
        <test-method status="SKIP" signature="testEmptyAdverstingHTMLReport()[pri:0, instance:ru.crystals.test2.TableReportTest@210c05b5]" name="testEmptyAdverstingHTMLReport" duration-ms="0" started-at="2014-07-02T15:43:25Z" description="Проверить, что генерируется пустой отчет, если на товар не заведена рекламная акция" finished-at="2014-07-02T15:43:25Z">
          <reporter-output>
          </reporter-output>
        </test-method> <!-- testEmptyAdverstingHTMLReport -->
        <test-method status="SKIP" signature="printTestName(java.lang.reflect.Method)[pri:0, instance:ru.crystals.test2.TableReportTest@210c05b5]" name="printTestName" is-config="true" duration-ms="0" started-at="2014-07-02T15:43:25Z" finished-at="2014-07-02T15:43:25Z">
          <reporter-output>
          </reporter-output>
        </test-method> <!-- printTestName -->
        <test-method status="SKIP" signature="testGoodInReport()[pri:0, instance:ru.crystals.test2.TableReportTest@210c05b5]" name="testGoodInReport" duration-ms="0" started-at="2014-07-02T15:43:25Z" description="Проверить, наличие товара в отчете, если на него заведена рекламная акция, действующая сегодня" depends-on-methods="ru.crystals.test2.TableReportTest.testEmptyAdverstingHTMLReport" finished-at="2014-07-02T15:43:25Z">
          <reporter-output>
          </reporter-output>
        </test-method> <!-- testGoodInReport -->
        <test-method status="SKIP" signature="printTestName(java.lang.reflect.Method)[pri:0, instance:ru.crystals.test2.TableReportTest@210c05b5]" name="printTestName" is-config="true" duration-ms="0" started-at="2014-07-02T15:43:25Z" finished-at="2014-07-02T15:43:25Z">
          <reporter-output>
          </reporter-output>
        </test-method> <!-- printTestName -->
        <test-method status="SKIP" signature="testWithEmptyShop()[pri:0, instance:ru.crystals.test2.TableReportTest@210c05b5]" name="testWithEmptyShop" duration-ms="0" started-at="2014-07-02T15:43:25Z" description="Если не указаны магазины, отчет генерится для всей сети (все магазины)" depends-on-methods="ru.crystals.test2.TableReportTest.testGoodInReport" finished-at="2014-07-02T15:43:25Z">
          <reporter-output>
          </reporter-output>
        </test-method> <!-- testWithEmptyShop -->
        <test-method status="SKIP" signature="printTestName(java.lang.reflect.Method)[pri:0, instance:ru.crystals.test2.TableReportTest@210c05b5]" name="printTestName" is-config="true" duration-ms="0" started-at="2014-07-02T15:43:25Z" finished-at="2014-07-02T15:43:25Z">
          <reporter-output>
          </reporter-output>
        </test-method> <!-- printTestName -->
        <test-method status="SKIP" signature="close()[pri:0, instance:ru.crystals.test2.TableReportTest@210c05b5]" name="close" is-config="true" duration-ms="0" started-at="2014-07-02T15:43:25Z" finished-at="2014-07-02T15:43:25Z">
          <reporter-output>
          </reporter-output>
        </test-method> <!-- close -->
      </class> <!-- ru.crystals.test2.TableReportTest -->
      <class name="ru.crystals.test2.SpiritRestrictionsToSAPTest">
        <test-method status="PASS" signature="setupWebDriver()[pri:0, instance:ru.crystals.test2.SpiritRestrictionsToSAPTest@45d6cba3]" name="setupWebDriver" is-config="true" duration-ms="5259" started-at="2014-07-02T15:43:09Z" finished-at="2014-07-02T15:43:14Z">
          <reporter-output>
          </reporter-output>
        </test-method> <!-- setupWebDriver -->
        <test-method status="FAIL" signature="prepareTest()[pri:0, instance:ru.crystals.test2.SpiritRestrictionsToSAPTest@45d6cba3]" name="prepareTest" is-config="true" duration-ms="0" started-at="2014-07-02T15:43:14Z" finished-at="2014-07-02T15:43:14Z">
          <exception class="org.openqa.selenium.WebDriverException">
            <message>
              <![CDATA[unknown error: Error calling method on NPObject.
  (Session info: chrome=35.0.1916.153)
  (Driver info: chromedriver=2.10.267521,platform=Windows NT 6.1 SP1 x86_64) (WARNING: The server did not provide any stacktrace information)
Command duration or timeout: 15 milliseconds
Build info: version: '2.37.1', revision: 'a7c61cbd68657e133ae96672cf995890bad2ee42', time: '2013-10-21 09:08:07'
System info: host: 'CS-PRG-WS171164', ip: '172.16.2.93', os.name: 'Windows 7', os.arch: 'amd64', os.version: '6.1', java.version: '1.7.0_09'
Session ID: 629d4e94bb67a1604ef1cb119ec319d6
Driver info: org.openqa.selenium.remote.RemoteWebDriver
Capabilities [{platform=XP, acceptSslCerts=true, javascriptEnabled=true, browserName=chrome, chrome={userDataDir=C:\Users\agoley\AppData\Local\Temp\scoped_dir432_19754}, rotatable=false, locationContextEnabled=true, version=35.0.1916.153, takesHeapSnapshot=true, cssSelectorsEnabled=true, databaseEnabled=false, handlesAlerts=true, browserConnectionEnabled=false, webStorageEnabled=true, nativeEvents=true, applicationCacheEnabled=false, takesScreenshot=true}]]]>
            </message>
            <full-stacktrace>
              <![CDATA[org.openqa.selenium.WebDriverException: unknown error: Error calling method on NPObject.
  (Session info: chrome=35.0.1916.153)
  (Driver info: chromedriver=2.10.267521,platform=Windows NT 6.1 SP1 x86_64) (WARNING: The server did not provide any stacktrace information)
Command duration or timeout: 15 milliseconds
Build info: version: '2.37.1', revision: 'a7c61cbd68657e133ae96672cf995890bad2ee42', time: '2013-10-21 09:08:07'
System info: host: 'CS-PRG-WS171164', ip: '172.16.2.93', os.name: 'Windows 7', os.arch: 'amd64', os.version: '6.1', java.version: '1.7.0_09'
Session ID: 629d4e94bb67a1604ef1cb119ec319d6
Driver info: org.openqa.selenium.remote.RemoteWebDriver
Capabilities [{platform=XP, acceptSslCerts=true, javascriptEnabled=true, browserName=chrome, chrome={userDataDir=C:\Users\agoley\AppData\Local\Temp\scoped_dir432_19754}, rotatable=false, locationContextEnabled=true, version=35.0.1916.153, takesHeapSnapshot=true, cssSelectorsEnabled=true, databaseEnabled=false, handlesAlerts=true, browserConnectionEnabled=false, webStorageEnabled=true, nativeEvents=true, applicationCacheEnabled=false, takesScreenshot=true}]
	at sun.reflect.NativeConstructorAccessorImpl.newInstance0(Native Method)
	at sun.reflect.NativeConstructorAccessorImpl.newInstance(NativeConstructorAccessorImpl.java:57)
	at sun.reflect.DelegatingConstructorAccessorImpl.newInstance(DelegatingConstructorAccessorImpl.java:45)
	at java.lang.reflect.Constructor.newInstance(Constructor.java:525)
	at org.openqa.selenium.remote.ErrorHandler.createThrowable(ErrorHandler.java:204)
	at org.openqa.selenium.remote.ErrorHandler.throwIfResponseFailed(ErrorHandler.java:156)
	at org.openqa.selenium.remote.RemoteWebDriver.execute(RemoteWebDriver.java:599)
	at org.openqa.selenium.remote.RemoteWebDriver.executeScript(RemoteWebDriver.java:508)
	at ru.crystals.test2.utils.FlexMediator.ecxecute(FlexMediator.java:71)
	at ru.crystals.test2.utils.FlexMediator.doFlexProperty(FlexMediator.java:26)
	at ru.crystals.test2.sales.preferences.goodstypes.alcohol.AlcoholPage.selectAlcoholTab(AlcoholPage.java:25)
	at ru.crystals.test2.SpiritRestrictionsToSAPTest.prepareTest(SpiritRestrictionsToSAPTest.java:36)
	at sun.reflect.NativeMethodAccessorImpl.invoke0(Native Method)
	at sun.reflect.NativeMethodAccessorImpl.invoke(NativeMethodAccessorImpl.java:57)
	at sun.reflect.DelegatingMethodAccessorImpl.invoke(DelegatingMethodAccessorImpl.java:43)
	at java.lang.reflect.Method.invoke(Method.java:601)
	at org.testng.internal.MethodInvocationHelper.invokeMethod(MethodInvocationHelper.java:84)
	at org.testng.internal.Invoker.invokeConfigurationMethod(Invoker.java:564)
	at org.testng.internal.Invoker.invokeConfigurations(Invoker.java:213)
	at org.testng.internal.Invoker.invokeConfigurations(Invoker.java:138)
	at org.testng.internal.TestMethodWorker.invokeBeforeClassMethods(TestMethodWorker.java:175)
	at org.testng.internal.TestMethodWorker.run(TestMethodWorker.java:107)
	at org.testng.TestRunner.privateRun(TestRunner.java:767)
	at org.testng.TestRunner.run(TestRunner.java:617)
	at org.testng.SuiteRunner.runTest(SuiteRunner.java:334)
	at org.testng.SuiteRunner.runSequentially(SuiteRunner.java:329)
	at org.testng.SuiteRunner.privateRun(SuiteRunner.java:291)
	at org.testng.SuiteRunner.run(SuiteRunner.java:240)
	at org.testng.SuiteRunnerWorker.runSuite(SuiteRunnerWorker.java:52)
	at org.testng.SuiteRunnerWorker.run(SuiteRunnerWorker.java:86)
	at org.testng.TestNG.runSuitesSequentially(TestNG.java:1224)
	at org.testng.TestNG.runSuitesLocally(TestNG.java:1149)
	at org.testng.TestNG.run(TestNG.java:1057)
	at org.apache.maven.surefire.testng.TestNGExecutor.run(TestNGExecutor.java:61)
	at org.apache.maven.surefire.testng.TestNGDirectoryTestSuite.executeMulti(TestNGDirectoryTestSuite.java:163)
	at org.apache.maven.surefire.testng.TestNGDirectoryTestSuite.execute(TestNGDirectoryTestSuite.java:112)
	at org.apache.maven.surefire.testng.TestNGProvider.invoke(TestNGProvider.java:111)
	at sun.reflect.NativeMethodAccessorImpl.invoke0(Native Method)
	at sun.reflect.NativeMethodAccessorImpl.invoke(NativeMethodAccessorImpl.java:57)
	at sun.reflect.DelegatingMethodAccessorImpl.invoke(DelegatingMethodAccessorImpl.java:43)
	at java.lang.reflect.Method.invoke(Method.java:601)
	at org.apache.maven.surefire.booter.ProviderFactory$ClassLoaderProxy.invoke(ProviderFactory.java:103)
	at $Proxy0.invoke(Unknown Source)
	at org.apache.maven.surefire.booter.SurefireStarter.invokeProvider(SurefireStarter.java:145)
	at org.apache.maven.surefire.booter.SurefireStarter.runSuitesInProcess(SurefireStarter.java:87)
	at org.apache.maven.surefire.booter.ForkedBooter.main(ForkedBooter.java:69)
]]>
            </full-stacktrace>
          </exception> <!-- org.openqa.selenium.WebDriverException -->
          <reporter-output>
          </reporter-output>
        </test-method> <!-- prepareTest -->
        <test-method status="SKIP" signature="printTestName(java.lang.reflect.Method)[pri:0, instance:ru.crystals.test2.SpiritRestrictionsToSAPTest@45d6cba3]" name="printTestName" is-config="true" duration-ms="0" started-at="2014-07-02T15:43:25Z" finished-at="2014-07-02T15:43:25Z">
          <reporter-output>
          </reporter-output>
        </test-method> <!-- printTestName -->
        <test-method status="SKIP" signature="close()[pri:0, instance:ru.crystals.test2.SpiritRestrictionsToSAPTest@45d6cba3]" name="close" is-config="true" duration-ms="0" started-at="2014-07-02T15:43:25Z" finished-at="2014-07-02T15:43:25Z">
          <reporter-output>
          </reporter-output>
        </test-method> <!-- close -->
        <test-method status="SKIP" signature="test()[pri:0, instance:ru.crystals.test2.SpiritRestrictionsToSAPTest@45d6cba3]" name="test" duration-ms="0" started-at="2014-07-02T15:43:25Z" finished-at="2014-07-02T15:43:25Z">
          <reporter-output>
          </reporter-output>
        </test-method> <!-- test -->
      </class> <!-- ru.crystals.test2.SpiritRestrictionsToSAPTest -->
    </test> <!-- Command line test -->
  </suite> <!-- Command line suite -->
</testng-results>
