<?xml version="1.0" encoding="UTF-8"?>
<testng-results skipped="0" failed="1" total="1" passed="0">
  <reporter-output>
  </reporter-output>
  <suite name="Default suite" duration-ms="1018192" started-at="2014-07-18T17:44:04Z" finished-at="2014-07-18T18:01:02Z">
    <groups>
    </groups>
    <test name="Default test" duration-ms="1018192" started-at="2014-07-18T17:44:04Z" finished-at="2014-07-18T18:01:02Z">
      <class name="ru.crystals.disinsector2.test.SpiritRestrictionsToSAPTest">
        <test-method status="PASS" signature="setupWebDriver()[pri:0, instance:ru.crystals.disinsector2.test.SpiritRestrictionsToSAPTest@490439a3]" name="setupWebDriver" is-config="true" duration-ms="4352" started-at="2014-07-18T21:44:04Z" finished-at="2014-07-18T21:44:08Z">
          <reporter-output>
          </reporter-output>
        </test-method> <!-- setupWebDriver -->
        <test-method status="PASS" signature="goToAlcoholRestrictions()[pri:0, instance:ru.crystals.disinsector2.test.SpiritRestrictionsToSAPTest@490439a3]" name="goToAlcoholRestrictions" is-config="true" duration-ms="16210" started-at="2014-07-18T21:44:08Z" finished-at="2014-07-18T21:44:24Z">
          <reporter-output>
          </reporter-output>
        </test-method> <!-- goToAlcoholRestrictions -->
        <test-method status="PASS" signature="printTestName(java.lang.reflect.Method)[pri:0, instance:ru.crystals.disinsector2.test.SpiritRestrictionsToSAPTest@490439a3]" name="printTestName" is-config="true" duration-ms="1" started-at="2014-07-18T21:44:24Z" finished-at="2014-07-18T21:44:24Z">
          <params>
            <param index="0">
              <value>
                <![CDATA[public void ru.crystals.disinsector2.test.SpiritRestrictionsToSAPTest.test()]]>
              </value>
            </param>
          </params>
          <reporter-output>
          </reporter-output>
        </test-method> <!-- printTestName -->
        <test-method status="FAIL" signature="test()[pri:0, instance:ru.crystals.disinsector2.test.SpiritRestrictionsToSAPTest@490439a3]" name="test" duration-ms="996185" started-at="2014-07-18T21:44:24Z" finished-at="2014-07-18T22:01:00Z">
          <exception class="java.lang.ClassCastException">
            <message>
              <![CDATA[java.lang.Boolean cannot be cast to org.w3c.dom.NodeList]]>
            </message>
            <full-stacktrace>
              <![CDATA[java.lang.ClassCastException: java.lang.Boolean cannot be cast to org.w3c.dom.NodeList
	at ru.crystals.test2.utils.SoapRequestSender.assertSOAPResponseXpath(SoapRequestSender.java:213)
	at ru.crystals.disinsector2.test.SpiritRestrictionsToSAPTest.test(SpiritRestrictionsToSAPTest.java:56)
	at sun.reflect.NativeMethodAccessorImpl.invoke0(Native Method)
	at sun.reflect.NativeMethodAccessorImpl.invoke(NativeMethodAccessorImpl.java:57)
	at sun.reflect.DelegatingMethodAccessorImpl.invoke(DelegatingMethodAccessorImpl.java:43)
	at java.lang.reflect.Method.invoke(Method.java:601)
	at org.testng.internal.MethodInvocationHelper.invokeMethod(MethodInvocationHelper.java:80)
	at org.testng.internal.Invoker.invokeMethod(Invoker.java:714)
	at org.testng.internal.Invoker.invokeTestMethod(Invoker.java:901)
	at org.testng.internal.Invoker.invokeTestMethods(Invoker.java:1231)
	at org.testng.internal.TestMethodWorker.invokeTestMethods(TestMethodWorker.java:128)
	at org.testng.internal.TestMethodWorker.run(TestMethodWorker.java:111)
	at org.testng.TestRunner.privateRun(TestRunner.java:767)
	at org.testng.TestRunner.run(TestRunner.java:617)
	at org.testng.SuiteRunner.runTest(SuiteRunner.java:334)
	at org.testng.SuiteRunner.runSequentially(SuiteRunner.java:329)
	at org.testng.SuiteRunner.privateRun(SuiteRunner.java:291)
	at org.testng.SuiteRunner.run(SuiteRunner.java:240)
	at org.testng.SuiteRunnerWorker.runSuite(SuiteRunnerWorker.java:52)
	at org.testng.SuiteRunnerWorker.run(SuiteRunnerWorker.java:86)
	at org.testng.TestNG.runSuitesSequentially(TestNG.java:1203)
	at org.testng.TestNG.runSuitesLocally(TestNG.java:1128)
	at org.testng.TestNG.run(TestNG.java:1036)
	at org.testng.remote.RemoteTestNG.run(RemoteTestNG.java:111)
	at org.testng.remote.RemoteTestNG.initAndRun(RemoteTestNG.java:204)
	at org.testng.remote.RemoteTestNG.main(RemoteTestNG.java:175)
]]>
            </full-stacktrace>
          </exception> <!-- java.lang.ClassCastException -->
          <reporter-output>
          </reporter-output>
        </test-method> <!-- test -->
        <test-method status="PASS" signature="close()[pri:0, instance:ru.crystals.disinsector2.test.SpiritRestrictionsToSAPTest@490439a3]" name="close" is-config="true" duration-ms="1426" started-at="2014-07-18T22:01:00Z" finished-at="2014-07-18T22:01:02Z">
          <reporter-output>
          </reporter-output>
        </test-method> <!-- close -->
      </class> <!-- ru.crystals.disinsector2.test.SpiritRestrictionsToSAPTest -->
    </test> <!-- Default test -->
  </suite> <!-- Default suite -->
</testng-results>
